<?xml version="1.0" encoding="utf-8"?>
<coverage line-rate="0.7234" branch-rate="0.5" version="1.9" timestamp="1693882608" lines-covered="34" lines-valid="47"
		  branches-covered="4" branches-valid="8">
	<sources>
		<source>/Users/robin/Projects/onedev/reports/coverlet/</source>
	</sources>
	<packages>
		<package name="supermario" line-rate="0.7559999999999999" branch-rate="0.5" complexity="18">
			<classes>
				<class name="Program2" filename="supermario/Program2.cs" line-rate="0" branch-rate="1" complexity="1">
					<methods>
						<method name="&lt;Main&gt;$" signature="(System.String[])" line-rate="0" branch-rate="1"
								complexity="1">
							<lines>
								<line number="3" hits="0" branch="False"/>
							</lines>
						</method>
					</methods>
					<lines>
						<line number="3" hits="1" branch="False"/>
					</lines>
				</class>
				<class name="supermario.Dialogue" filename="supermario/Dialogue.cs" line-rate="1" branch-rate="1"
					   complexity="3">
					<methods>
						<method name="SayHello" signature="()" line-rate="1" branch-rate="1" complexity="1">
							<lines>
								<line number="12" hits="2" branch="False"/>
								<line number="13" hits="2" branch="False"/>
								<line number="14" hits="2" branch="False"/>
							</lines>
						</method>
						<method name="SayGoodbye" signature="()" line-rate="1" branch-rate="1" complexity="1">
							<lines>
								<line number="17" hits="1" branch="False"/>
								<line number="18" hits="1" branch="False"/>
								<line number="19" hits="1" branch="False"/>
							</lines>
						</method>
						<method name=".ctor" signature="()" line-rate="1" branch-rate="1" complexity="1">
							<lines>
								<line number="7" hits="3" branch="False"/>
								<line number="8" hits="3" branch="False"/>
								<line number="9" hits="3" branch="False"/>
							</lines>
						</method>
					</methods>
					<lines>
						<line number="12" hits="2" branch="False"/>
						<line number="13" hits="2" branch="False"/>
						<line number="14" hits="2" branch="False"/>
						<line number="17" hits="1" branch="False"/>
						<line number="18" hits="1" branch="False"/>
						<line number="19" hits="1" branch="False"/>
						<line number="7" hits="3" branch="False"/>
						<line number="8" hits="3" branch="False"/>
						<line number="9" hits="3" branch="False"/>
					</lines>
				</class>
				<class name="supermario.Dialogue/Language" filename="supermario/Dialogue.cs" line-rate="1"
					   branch-rate="1" complexity="1">
					<methods>
						<method name="SayHello" signature="()" line-rate="1" branch-rate="1" complexity="1">
							<lines>
								<line number="24" hits="1" branch="False"/>
								<line number="25" hits="1" branch="False"/>
								<line number="26" hits="1" branch="False"/>
							</lines>
						</method>
					</methods>
					<lines>
						<line number="24" hits="1" branch="False"/>
						<line number="25" hits="1" branch="False"/>
						<line number="26" hits="1" branch="False"/>
					</lines>
				</class>
				<class name="supermario.Movement" filename="supermario/Movement.cs" line-rate="0.75" branch-rate="0.5"
					   complexity="7">
					<methods>
						<method name="Walk" signature="(System.Int32)" line-rate="0.6666" branch-rate="0.5"
								complexity="6">
							<lines>
								<line number="12" hits="0" branch="False"/>
								<line number="13" hits="0" branch="True" condition-coverage="100% (2/2)">
									<conditions>
										<condition number="7" type="jump" coverage="100%"/>
									</conditions>
								</line>
								<line number="14" hits="0" branch="False"/>
								<line number="15" hits="0" branch="True" condition-coverage="50% (1/2)">
									<conditions>
										<condition number="19" type="jump" coverage="50%"/>
									</conditions>
								</line>
								<line number="16" hits="1" branch="False"/>
								<line number="17" hits="1" branch="True" condition-coverage="0% (0/2)">
									<conditions>
										<condition number="31" type="jump" coverage="0%"/>
									</conditions>
								</line>
								<line number="18" hits="1" branch="False"/>
								<line number="20" hits="1" branch="False"/>
								<line number="21" hits="1" branch="False"/>
							</lines>
						</method>
						<method name=".ctor" signature="()" line-rate="1" branch-rate="1" complexity="1">
							<lines>
								<line number="7" hits="2" branch="False"/>
								<line number="8" hits="2" branch="False"/>
								<line number="9" hits="2" branch="False"/>
							</lines>
						</method>
					</methods>
					<lines>
						<line number="17" hits="2" branch="False"/>
						<line number="18" hits="2" branch="True" condition-coverage="100% (2/2)">
							<conditions>
								<condition number="7" type="jump" coverage="100%"/>
							</conditions>
						</line>
						<line number="20" hits="1" branch="False"/>
						<line number="21" hits="1" branch="True" condition-coverage="50% (1/2)"/>
					</lines>
				</class>
				<class name="supermario.Movement/Unmeditated/&lt;Breath&gt;d__0" filename="supermario/Movement.cs"
					   line-rate="1" branch-rate="1" complexity="1">
					<methods>
						<method name="MoveNext" signature="()" line-rate="1" branch-rate="1" complexity="1">
							<lines>
								<line number="26" hits="1" branch="False"/>
								<line number="27" hits="1" branch="False"/>
								<line number="28" hits="1" branch="False"/>
								<line number="29" hits="1" branch="False"/>
							</lines>
						</method>
					</methods>
					<lines>
						<line number="26" hits="1" branch="False"/>
						<line number="27" hits="1" branch="False"/>
						<line number="28" hits="1" branch="False"/>
						<line number="29" hits="1" branch="False"/>
					</lines>
				</class>
				<class name="supermario.options.Option" filename="supermario/Movement.cs" line-rate="1"
					   branch-rate="0.5" complexity="3">
					<methods>
						<method name="Build" signature="(System.Boolean)" line-rate="1" branch-rate="0.5"
								complexity="2">
							<lines>
								<line number="43" hits="1" branch="False"/>
								<line number="44" hits="1" branch="True" condition-coverage="50% (1/2)">
									<conditions>
										<condition number="2" type="jump" coverage="50%"/>
									</conditions>
								</line>
								<line number="45" hits="1" branch="False"/>
							</lines>
						</method>
						<method name=".ctor" signature="()" line-rate="1" branch-rate="1" complexity="1">
							<lines>
								<line number="38" hits="1" branch="False"/>
								<line number="39" hits="1" branch="False"/>
								<line number="40" hits="1" branch="False"/>
							</lines>
						</method>
					</methods>
					<lines>
						<line number="43" hits="1" branch="False"/>
						<line number="44" hits="1" branch="True" condition-coverage="50% (1/2)">
							<conditions>
								<condition number="2" type="jump" coverage="50%"/>
							</conditions>
						</line>
						<line number="45" hits="1" branch="False"/>
						<line number="38" hits="1" branch="False"/>
						<line number="39" hits="1" branch="False"/>
						<line number="40" hits="1" branch="False"/>
					</lines>
				</class>
				<class name="supermario.heromode.Movement" filename="supermario/heromode/Movement.cs" line-rate="0"
					   branch-rate="1" complexity="2">
					<methods>
						<method name="Walk" signature="()" line-rate="0" branch-rate="1" complexity="1">
							<lines>
								<line number="12" hits="0" branch="False"/>
								<line number="13" hits="0" branch="False"/>
								<line number="14" hits="0" branch="False"/>
							</lines>
						</method>
						<method name=".ctor" signature="()" line-rate="0" branch-rate="1" complexity="1">
							<lines>
								<line number="7" hits="0" branch="False"/>
								<line number="8" hits="0" branch="False"/>
								<line number="9" hits="0" branch="False"/>
							</lines>
						</method>
					</methods>
					<lines>
						<line number="12" hits="0" branch="False"/>
						<line number="13" hits="0" branch="False"/>
						<line number="14" hits="0" branch="False"/>
						<line number="7" hits="0" branch="False"/>
						<line number="8" hits="0" branch="False"/>
						<line number="9" hits="0" branch="False"/>
					</lines>
				</class>
			</classes>
		</package>
		<package name="mapeditor" line-rate="0.5" branch-rate="1" complexity="2">
			<classes>
				<class name="mapeditor.MapEditor" filename="mapeditor/MapEditor.cs" line-rate="0.5" branch-rate="1"
					   complexity="2">
					<methods>
						<method name="Draw" signature="()" line-rate="1" branch-rate="1" complexity="1">
							<lines>
								<line number="7" hits="1" branch="False"/>
								<line number="8" hits="1" branch="False"/>
								<line number="9" hits="1" branch="False"/>
							</lines>
						</method>
						<method name="Expand" signature="()" line-rate="0" branch-rate="1" complexity="1">
							<lines>
								<line number="12" hits="0" branch="False"/>
								<line number="13" hits="0" branch="False"/>
								<line number="14" hits="0" branch="False"/>
							</lines>
						</method>
					</methods>
					<lines>
						<line number="7" hits="1" branch="False"/>
						<line number="8" hits="1" branch="False"/>
						<line number="9" hits="1" branch="False"/>
						<line number="12" hits="0" branch="False"/>
						<line number="13" hits="0" branch="False"/>
						<line number="14" hits="0" branch="False"/>
					</lines>
				</class>
			</classes>
		</package>
	</packages>
</coverage>