<?xml version="1.0" encoding="utf-8"?>
<TestRun id="f828ccee-d904-41b0-aacb-db31acde1698" name="@saturn 2023-09-03 21:08:38" xmlns="http://microsoft.com/schemas/VisualStudio/TeamTest/2010">
  <Times creation="2023-09-03T21:08:38.8969440+08:00" queuing="2023-09-03T21:08:38.8969440+08:00" start="2023-09-03T21:08:37.6958330+08:00" finish="2023-09-03T21:08:38.9073840+08:00" />
  <TestSettings name="default" id="37c6c525-2937-4c23-bf6b-bcb0e19ff515">
    <Deployment runDeploymentRoot="_saturn_2023-09-03_21_08_38" />
  </TestSettings>
  <Results>
    <UnitTestResult executionId="5cf743e7-16a3-4a76-882e-265fba6eccd0" testId="47953ea1-cab9-e271-5203-470c30dc93e9" testName="TestWalk" computerName="saturn" duration="00:00:00.0005646" startTime="2023-09-03T21:08:38.7289350+08:00" endTime="2023-09-03T21:08:38.7296800+08:00" testType="13cdc9d9-ddb5-4fa4-a97d-d965ccfc6d4b" outcome="Passed" testListId="8c84fa94-04c1-424b-9868-57a2d4851a1d" relativeResultsDirectory="5cf743e7-16a3-4a76-882e-265fba6eccd0" />
    <UnitTestResult executionId="2d42822f-4500-49d4-b6d1-c039c781bd95" testId="0df1ac64-03a8-7bc9-f37a-b4eadbe2d6ca" testName="TestSayHello" computerName="saturn" duration="00:00:00.0004397" startTime="2023-09-03T21:08:38.7303630+08:00" endTime="2023-09-03T21:08:38.7308980+08:00" testType="13cdc9d9-ddb5-4fa4-a97d-d965ccfc6d4b" outcome="Failed" testListId="8c84fa94-04c1-424b-9868-57a2d4851a1d" relativeResultsDirectory="2d42822f-4500-49d4-b6d1-c039c781bd95">
      <Output>
        <ErrorInfo>
          <Message>Assert.AreEqual failed. Expected:&lt;Good morning&gt;. Actual:&lt;Hello&gt;. </Message>
          <StackTrace>   at test.mario.TestDialogue.TestSayHello() in /Users/robin/Projects/onedev/reports/trx/test/TestMario.cs:line 22
   at System.RuntimeMethodHandle.InvokeMethod(Object target, Void** arguments, Signature sig, Boolean isConstructor)
   at System.Reflection.MethodInvoker.Invoke(Object obj, IntPtr* args, BindingFlags invokeAttr)
</StackTrace>
        </ErrorInfo>
      </Output>
    </UnitTestResult>
    <UnitTestResult executionId="b18e5d6f-7a7b-4b7c-89ce-852338750b8e" testId="3cb97cf5-129d-3743-7011-5fb8fd862986" testName="TestWalk" computerName="saturn" duration="00:00:00.0001203" startTime="2023-09-03T21:08:38.7300560+08:00" endTime="2023-09-03T21:08:38.7303410+08:00" testType="13cdc9d9-ddb5-4fa4-a97d-d965ccfc6d4b" outcome="Passed" testListId="8c84fa94-04c1-424b-9868-57a2d4851a1d" relativeResultsDirectory="b18e5d6f-7a7b-4b7c-89ce-852338750b8e" />
    <UnitTestResult executionId="eac4da46-a2a7-4618-b73f-d878c846f98b" testId="a17d7922-4f75-704d-6be9-4d6a1eabd14d" testName="TestSayHello" computerName="saturn" duration="00:00:00.0036924" startTime="2023-09-03T21:08:38.6876570+08:00" endTime="2023-09-03T21:08:38.7059250+08:00" testType="13cdc9d9-ddb5-4fa4-a97d-d965ccfc6d4b" outcome="Passed" testListId="8c84fa94-04c1-424b-9868-57a2d4851a1d" relativeResultsDirectory="eac4da46-a2a7-4618-b73f-d878c846f98b" />
    <UnitTestResult executionId="18558b46-0e58-440a-b87c-4b23ad4e2d78" testId="2ca1491f-9664-4bbc-f779-2a0990ac785e" testName="TestSayGoodbye" computerName="saturn" duration="00:00:00.0160825" startTime="2023-09-03T21:08:38.7117540+08:00" endTime="2023-09-03T21:08:38.7286280+08:00" testType="13cdc9d9-ddb5-4fa4-a97d-d965ccfc6d4b" outcome="Failed" testListId="8c84fa94-04c1-424b-9868-57a2d4851a1d" relativeResultsDirectory="18558b46-0e58-440a-b87c-4b23ad4e2d78">
      <Output>
        <ErrorInfo>
          <Message>Assert.AreEqual failed. Expected:&lt;Hello&gt;. Actual:&lt;Good bye&gt;. </Message>
          <StackTrace>   at test.TestDialogue.TestSayGoodbye() in /Users/robin/Projects/onedev/reports/trx/test/TestDialogue.cs:line 17
   at System.RuntimeMethodHandle.InvokeMethod(Object target, Void** arguments, Signature sig, Boolean isConstructor)
   at System.Reflection.MethodInvoker.Invoke(Object obj, IntPtr* args, BindingFlags invokeAttr)
</StackTrace>
        </ErrorInfo>
      </Output>
    </UnitTestResult>
  </Results>
  <TestDefinitions>
    <UnitTest name="TestWalk" storage="/users/robin/projects/onedev/reports/trx/test/bin/debug/net7.0/test.dll" id="3cb97cf5-129d-3743-7011-5fb8fd862986">
      <Execution id="b18e5d6f-7a7b-4b7c-89ce-852338750b8e" />
      <TestMethod codeBase="/Users/robin/Projects/onedev/reports/trx/test/bin/Debug/net7.0/test.dll" adapterTypeName="executor://mstestadapter/v2" className="test.mario.TestMovement" name="TestWalk" />
    </UnitTest>
    <UnitTest name="TestSayHello" storage="/users/robin/projects/onedev/reports/trx/test/bin/debug/net7.0/test.dll" id="a17d7922-4f75-704d-6be9-4d6a1eabd14d">
      <Execution id="eac4da46-a2a7-4618-b73f-d878c846f98b" />
      <TestMethod codeBase="/Users/robin/Projects/onedev/reports/trx/test/bin/Debug/net7.0/test.dll" adapterTypeName="executor://mstestadapter/v2" className="test.TestDialogue" name="TestSayHello" />
    </UnitTest>
    <UnitTest name="TestWalk" storage="/users/robin/projects/onedev/reports/trx/test/bin/debug/net7.0/test.dll" id="47953ea1-cab9-e271-5203-470c30dc93e9">
      <Execution id="5cf743e7-16a3-4a76-882e-265fba6eccd0" />
      <TestMethod codeBase="/Users/robin/Projects/onedev/reports/trx/test/bin/Debug/net7.0/test.dll" adapterTypeName="executor://mstestadapter/v2" className="test.TestMovement" name="TestWalk" />
    </UnitTest>
    <UnitTest name="TestSayGoodbye" storage="/users/robin/projects/onedev/reports/trx/test/bin/debug/net7.0/test.dll" id="2ca1491f-9664-4bbc-f779-2a0990ac785e">
      <Execution id="18558b46-0e58-440a-b87c-4b23ad4e2d78" />
      <TestMethod codeBase="/Users/robin/Projects/onedev/reports/trx/test/bin/Debug/net7.0/test.dll" adapterTypeName="executor://mstestadapter/v2" className="test.TestDialogue" name="TestSayGoodbye" />
    </UnitTest>
    <UnitTest name="TestSayHello" storage="/users/robin/projects/onedev/reports/trx/test/bin/debug/net7.0/test.dll" id="0df1ac64-03a8-7bc9-f37a-b4eadbe2d6ca">
      <Execution id="2d42822f-4500-49d4-b6d1-c039c781bd95" />
      <TestMethod codeBase="/Users/robin/Projects/onedev/reports/trx/test/bin/Debug/net7.0/test.dll" adapterTypeName="executor://mstestadapter/v2" className="test.mario.TestDialogue" name="TestSayHello" />
    </UnitTest>
  </TestDefinitions>
  <TestEntries>
    <TestEntry testId="47953ea1-cab9-e271-5203-470c30dc93e9" executionId="5cf743e7-16a3-4a76-882e-265fba6eccd0" testListId="8c84fa94-04c1-424b-9868-57a2d4851a1d" />
    <TestEntry testId="0df1ac64-03a8-7bc9-f37a-b4eadbe2d6ca" executionId="2d42822f-4500-49d4-b6d1-c039c781bd95" testListId="8c84fa94-04c1-424b-9868-57a2d4851a1d" />
    <TestEntry testId="3cb97cf5-129d-3743-7011-5fb8fd862986" executionId="b18e5d6f-7a7b-4b7c-89ce-852338750b8e" testListId="8c84fa94-04c1-424b-9868-57a2d4851a1d" />
    <TestEntry testId="a17d7922-4f75-704d-6be9-4d6a1eabd14d" executionId="eac4da46-a2a7-4618-b73f-d878c846f98b" testListId="8c84fa94-04c1-424b-9868-57a2d4851a1d" />
    <TestEntry testId="2ca1491f-9664-4bbc-f779-2a0990ac785e" executionId="18558b46-0e58-440a-b87c-4b23ad4e2d78" testListId="8c84fa94-04c1-424b-9868-57a2d4851a1d" />
  </TestEntries>
  <TestLists>
    <TestList name="Results Not in a List" id="8c84fa94-04c1-424b-9868-57a2d4851a1d" />
    <TestList name="All Loaded Results" id="19431567-8539-422a-85d7-44ee4e166bda" />
  </TestLists>
  <ResultSummary outcome="Failed">
    <Counters total="5" executed="5" passed="3" failed="2" error="0" timeout="0" aborted="0" inconclusive="0" passedButRunAborted="0" notRunnable="0" notExecuted="0" disconnected="0" warning="0" completed="0" inProgress="0" pending="0" />
  </ResultSummary>
</TestRun>